2020/07/07 16:38:10 Setup route started
2020/07/09 11:32:31 [PostRepository]...Migrate
2020/07/09 11:32:31 [UserRepository]...Migrate
2020/07/09 11:33:01 [PostController]...GetPosts
2020/07/09 11:33:01 [PostService]...FindAll
2020/07/09 11:33:01 [PostRepository]...FindAll
2020/07/14 21:08:56 [PostRepository]...Migrate
2020/07/14 21:08:56 [UserRepository]...Migrate
2020/07/14 21:09:59 [PostController]...GetPosts
2020/07/14 21:09:59 [PostService]...FindAll
2020/07/14 21:09:59 [PostRepository]...FindAll
2020/07/14 21:10:43 [PostController]...AddPost
2020/07/14 21:10:43 [PostService]...Validate
2020/07/14 21:14:29 [PostRepository]...Migrate
2020/07/14 21:14:29 [UserRepository]...Migrate
2020/07/14 21:14:37 [PostController]...AddPost
2020/07/14 21:14:37 [PostService]...Validate
2020/07/14 21:21:26 [PostController]...AddPost
2020/07/14 21:21:26 [PostService]...Validate
2020/07/14 22:13:21 [PostRepository]...Migrate
2020/07/14 22:13:21 [UserRepository]...Migrate
2020/07/14 22:17:14 [PostController]...AddPost
2020/07/14 22:17:14 [PostService]...Validate
2020/07/14 22:18:34 [PostRepository]...Migrate
2020/07/14 22:18:34 [UserRepository]...Migrate
2020/07/14 22:18:50 [PostController]...AddPost
2020/07/14 22:18:50 [PostService]...Validate
2020/07/14 22:19:05 [PostController]...AddPost
2020/07/14 22:19:05 [PostService]...Validate
2020/07/14 22:19:05 [PostService]...Create
2020/07/14 22:19:05 [PostRepository]...Save
2020/07/14 22:19:52 [PostRepository]...Migrate
2020/07/14 22:19:52 [UserRepository]...Migrate
2020/07/14 22:20:34 [PostController]...DeletePost
2020/07/14 22:20:34 [PostService]...Delete
2020/07/14 22:20:34 [PostRepository]...FindAll
2020/07/14 22:21:43 [PostController]...DeletePost
2020/07/14 22:21:43 [PostService]...Delete
2020/07/14 22:21:43 [PostRepository]...FindAll
2020/07/14 22:21:43 [PostRepository]...Delete
2020/07/14 23:18:31 [PostRepository]...Migrate
2020/07/14 23:18:31 [UserRepository]...Migrate
2020/07/15 00:12:45 [PostRepository]...Migrate
2020/07/15 00:12:45 [UserRepository]...Migrate
2020/07/15 00:13:14 [PostController]...GetPost
2020/07/15 00:13:14 [PostService]...GetByID
2020/07/15 00:13:14 [PostRepository]...FindAll
2020/07/15 00:15:07 [PostRepository]...Migrate
2020/07/15 00:15:07 [UserRepository]...Migrate
2020/07/15 00:15:51 [PostController]...GetPost
2020/07/15 00:15:51 [PostService]...GetByID
2020/07/15 00:15:51 [PostRepository]...FindAll
